> Task :app:checkKotlinGradlePluginConfigurationErrors
> Task :app:preBuild UP-TO-DATE
> Task :app:preDebugBuild UP-TO-DATE
> Task :app:checkDebugAarMetadata UP-TO-DATE
> Task :app:processDebugNavigationResources UP-TO-DATE
> Task :app:compileDebugNavigationResources UP-TO-DATE
> Task :app:generateDebugResValues UP-TO-DATE
> Task :app:processDebugGoogleServices UP-TO-DATE
> Task :app:mapDebugSourceSetPaths UP-TO-DATE
> Task :app:generateDebugResources UP-TO-DATE
> Task :app:mergeDebugResources UP-TO-DATE
> Task :app:packageDebugResources UP-TO-DATE
> Task :app:parseDebugLocalResources UP-TO-DATE
> Task :app:createDebugCompatibleScreenManifests UP-TO-DATE
> Task :app:extractDeepLinksDebug UP-TO-DATE
> Task :app:processDebugMainManifest UP-TO-DATE
> Task :app:processDebugManifest UP-TO-DATE
> Task :app:processDebugManifestForPackage UP-TO-DATE
> Task :app:processDebugResources UP-TO-DATE

> Task :app:compileDebugKotlin
e: file:///C:/Users/WATCHARA%20MANADEE/.gemini/antigravity/playground/dynamic-zodiac/app/src/main/java/com/example/timestampcamera/MainActivity.kt:633:5 Modifier 'override' is not applicable to 'local function'
e: file:///C:/Users/WATCHARA%20MANADEE/.gemini/antigravity/playground/dynamic-zodiac/app/src/main/java/com/example/timestampcamera/MainActivity.kt:645:21 No supertypes are accessible in this context
e: file:///C:/Users/WATCHARA%20MANADEE/.gemini/antigravity/playground/dynamic-zodiac/app/src/main/java/com/example/timestampcamera/ui/CameraScreen.kt:872:13 Expecting an element
e: file:///C:/Users/WATCHARA%20MANADEE/.gemini/antigravity/playground/dynamic-zodiac/app/src/main/java/com/example/timestampcamera/ui/CameraScreen.kt:1562:1 Expecting a top level declaration
e: file:///C:/Users/WATCHARA%20MANADEE/.gemini/antigravity/playground/dynamic-zodiac/app/src/main/java/com/example/timestampcamera/ui/CameraScreen.kt:182:9 Conflicting declarations: val compassHeading: Float, val compassHeading: Float
e: file:///C:/Users/WATCHARA%20MANADEE/.gemini/antigravity/playground/dynamic-zodiac/app/src/main/java/com/example/timestampcamera/ui/CameraScreen.kt:183:9 Conflicting declarations: val pitch: Float, val pitch: Float
e: file:///C:/Users/WATCHARA%20MANADEE/.gemini/antigravity/playground/dynamic-zodiac/app/src/main/java/com/example/timestampcamera/ui/CameraScreen.kt:184:9 Conflicting declarations: val roll: Float, val roll: Float
e: file:///C:/Users/WATCHARA%20MANADEE/.gemini/antigravity/playground/dynamic-zodiac/app/src/main/java/com/example/timestampcamera/ui/CameraScreen.kt:297:9 Conflicting declarations: val compassHeading: Float, val compassHeading: Float
e: file:///C:/Users/WATCHARA%20MANADEE/.gemini/antigravity/playground/dynamic-zodiac/app/src/main/java/com/example/timestampcamera/ui/CameraScreen.kt:298:9 Conflicting declarations: val pitch: Float, val pitch: Float
e: file:///C:/Users/WATCHARA%20MANADEE/.gemini/antigravity/playground/dynamic-zodiac/app/src/main/java/com/example/timestampcamera/ui/CameraScreen.kt:299:9 Conflicting declarations: val roll: Float, val roll: Float
e: file:///C:/Users/WATCHARA%20MANADEE/.gemini/antigravity/playground/dynamic-zodiac/app/src/main/java/com/example/timestampcamera/ui/CameraScreen.kt:445:17 Unresolved reference: TopBar
e: file:///C:/Users/WATCHARA%20MANADEE/.gemini/antigravity/playground/dynamic-zodiac/app/src/main/java/com/example/timestampcamera/ui/CameraScreen.kt:873:17 @Composable invocations can only happen from the context of a @Composable function
e: file:///C:/Users/WATCHARA%20MANADEE/.gemini/antigravity/playground/dynamic-zodiac/app/src/main/java/com/example/timestampcamera/ui/CameraScreen.kt:1358:24 Unresolved reference: onBurstStart
e: file:///C:/Users/WATCHARA%20MANADEE/.gemini/antigravity/playground/dynamic-zodiac/app/src/main/java/com/example/timestampcamera/ui/CameraScreen.kt:1363:25 Unresolved reference: onBurstStop
e: file:///C:/Users/WATCHARA%20MANADEE/.gemini/antigravity/playground/dynamic-zodiac/app/src/main/java/com/example/timestampcamera/ui/CameraScreen.kt:1490:25 Unresolved reference: CoroutineScope
e: file:///C:/Users/WATCHARA%20MANADEE/.gemini/antigravity/playground/dynamic-zodiac/app/src/main/java/com/example/timestampcamera/ui/CameraScreen.kt:1491:30 Suspension functions can be called only within coroutine body
e: file:///C:/Users/WATCHARA%20MANADEE/.gemini/antigravity/playground/dynamic-zodiac/app/src/main/java/com/example/timestampcamera/ui/CameraScreen.kt:1564:13 Functions which invoke @Composable functions must be marked with the @Composable annotation
e: file:///C:/Users/WATCHARA%20MANADEE/.gemini/antigravity/playground/dynamic-zodiac/app/src/main/java/com/example/timestampcamera/ui/CameraScreen.kt:1568:5 @Composable invocations can only happen from the context of a @Composable function
e: file:///C:/Users/WATCHARA%20MANADEE/.gemini/antigravity/playground/dynamic-zodiac/app/src/main/java/com/example/timestampcamera/ui/CameraScreen.kt:1588:5 @Composable invocations can only happen from the context of a @Composable function

> Task :app:compileDebugKotlin FAILED

[Incubating] Problems report is available at: file:///C:/Users/WATCHARA%20MANADEE/.gemini/antigravity/playground/dynamic-zodiac/build/reports/problems/problems-report.html

FAILURE: Build failed with an exception.

* What went wrong:
Execution failed for task ':app:compileDebugKotlin'.
> A failure occurred while executing org.jetbrains.kotlin.compilerRunner.GradleCompilerRunnerWithWorkers$GradleKotlinCompilerWorkAction
   > Compilation error. See log for more details

* Try:
> Run with --stacktrace option to get the stack trace.
> Run with --info or --debug option to get more log output.
> Run with --scan to get full insights.
> Get more help at https://help.gradle.org.

Deprecated Gradle features were used in this build, making it incompatible with Gradle 9.0.

You can use '--warning-mode all' to show the individual deprecation warnings and determine if they come from your own scripts or plugins.

For more on this, please refer to https://docs.gradle.org/8.13/userguide/command_line_interface.html#sec:command_line_warnings in the Gradle documentation.

BUILD FAILED in 18s
18 actionable tasks: 2 executed, 16 up-to-date
